#
# A fatal error has been detected by the Java Runtime Environment:
#
#  EXCEPTION_ACCESS_VIOLATION (0xc0000005) at pc=0x00007ff95bd72f6f, pid=9576, tid=0x00000000000020f0
#
# JRE version: Java(TM) SE Runtime Environment (8.0_101-b13) (build 1.8.0_101-b13)
# Java VM: Java HotSpot(TM) 64-Bit Server VM (25.101-b13 mixed mode windows-amd64 compressed oops)
# Problematic frame:
# C  [msvcrt.dll+0x72f6f]
#
# Failed to write core dump. Minidumps are not enabled by default on client versions of Windows
#
# If you would like to submit a bug report, please visit:
#   http://bugreport.java.com/bugreport/crash.jsp
# The crash happened outside the Java Virtual Machine in native code.
# See problematic frame for where to report the bug.
#

---------------  T H R E A D  ---------------

Current thread (0x00000000184da000):  JavaThread "LWJGL Application" [_thread_in_native, id=8432, stack(0x00000000194a0000,0x00000000195a0000)]

siginfo: ExceptionCode=0xc0000005, writing address 0x0000000000000000

Registers:
RAX=0x00000000ef2c6478, RBX=0x00000000184da1f8, RCX=0x0000000000000020, RDX=0x00000000ef2c6478
RSP=0x000000001959eb28, RBP=0x0000000000000000, RSI=0x000000001959ebc0, RDI=0x00000000ef2c6478
R8 =0x0000000000000000, R9 =0x0000000000000019, R10=0x000000000000000c, R11=0x0000000000000000
R12=0x0000000000000000, R13=0x00000000000000c8, R14=0x000000001959ebf0, R15=0x00000000184da000
RIP=0x00007ff95bd72f6f, EFLAGS=0x0000000000010202

Top of Stack: (sp=0x000000001959eb28)
0x000000001959eb28:   0000000065583a34 00000000184da1f8
0x000000001959eb38:   0000000000000000 000000001959ebc0
0x000000001959eb48:   00000000c465e7f8 000000001aea0080
0x000000001959eb58:   00000000ef2c6360 0000000000013880
0x000000001959eb68:   0000000000000000 000000001959ec00
0x000000001959eb78:   0000000000000000 00000000c465ce28
0x000000001959eb88:   0000000004d16f2e 00000000c46588c0
0x000000001959eb98:   00007ff9483d6d60 000000001959ec00
0x000000001959eba8:   00000000c465cf48 00000000000000c8
0x000000001959ebb8:   0000000000000000 00000000ef2c6468
0x000000001959ebc8:   00000000ef2c6360 00000000c465cf48
0x000000001959ebd8:   0000000ac4647ed8 00000000ef2c5fd0
0x000000001959ebe8:   00000000c46da978 00000000c465e348
0x000000001959ebf8:   0000000004eaee08 00000000ef2c6360
0x000000001959ec08:   0000000004e3a458 000000c80000003c
0x000000001959ec18:   00000000ef2c6080 43af4ccdef2c6218 

Instructions: (pc=0x00007ff95bd72f6f)
0x00007ff95bd72f4f:   49 81 f9 00 20 00 00 0f 87 76 00 00 00 49 83 e0
0x00007ff95bd72f5f:   1f f3 0f 6f 04 0a f3 0f 6f 4c 0a 10 48 83 c1 20
0x00007ff95bd72f6f:   66 0f 7f 41 e0 66 0f 7f 49 f0 49 ff c9 75 e2 e9
0x00007ff95bd72f7f:   4f ff ff ff 66 66 66 66 66 66 66 0f 1f 84 00 00 


Register to memory mapping:

RAX=0x00000000ef2c6478 is an oop

[error occurred during error reporting (printing register info), id 0xc0000005]

Stack: [0x00000000194a0000,0x00000000195a0000],  sp=0x000000001959eb28,  free space=1018k
Native frames: (J=compiled Java code, j=interpreted, Vv=VM code, C=native code)

Java frames: (J=compiled Java code, j=interpreted, Vv=VM code)
J 575  com.badlogic.gdx.utils.BufferUtils.copyJni([FLjava/nio/Buffer;II)V (0 bytes) @ 0x0000000004d16eb0 [0x0000000004d16e40+0x70]
J 954 C2 com.badlogic.gdx.graphics.g2d.SpriteBatch.flush()V (185 bytes) @ 0x0000000004e3a458 [0x0000000004e3a2c0+0x198]
J 1169 C2 com.ansdoship.UI.actor.FontActor.draw(Lcom/badlogic/gdx/graphics/g2d/Batch;F)V (37 bytes) @ 0x0000000004efbc64 [0x0000000004efb580+0x6e4]
J 1041 C2 com.badlogic.gdx.scenes.scene2d.Group.drawChildren(Lcom/badlogic/gdx/graphics/g2d/Batch;F)V (551 bytes) @ 0x0000000004e8bc24 [0x0000000004e8bac0+0x164]
J 1145 C2 com.badlogic.gdx.scenes.scene2d.Stage.draw()V (74 bytes) @ 0x0000000004edf884 [0x0000000004edf3a0+0x4e4]
J 1196 C2 com.badlogic.gdx.Game.render()V (25 bytes) @ 0x0000000004efa4c4 [0x0000000004efa280+0x244]
j  com.badlogic.gdx.backends.lwjgl.LwjglApplication.mainLoop()V+684
j  com.badlogic.gdx.backends.lwjgl.LwjglApplication$1.run()V+27
v  ~StubRoutines::call_stub

---------------  P R O C E S S  ---------------

Java Threads: ( => current thread )
  0x000000001969f000 JavaThread "LWJGL Timer" daemon [_thread_blocked, id=1948, stack(0x000000001fca0000,0x000000001fda0000)]
  0x00000000049a2800 JavaThread "DestroyJavaVM" [_thread_blocked, id=10728, stack(0x00000000046c0000,0x00000000047c0000)]
=>0x00000000184da000 JavaThread "LWJGL Application" [_thread_in_native, id=8432, stack(0x00000000194a0000,0x00000000195a0000)]
  0x000000001832f800 JavaThread "Service Thread" daemon [_thread_blocked, id=5752, stack(0x0000000018c40000,0x0000000018d40000)]
  0x0000000018328800 JavaThread "C1 CompilerThread2" daemon [_thread_blocked, id=4264, stack(0x0000000018b40000,0x0000000018c40000)]
  0x00000000182c7000 JavaThread "C2 CompilerThread1" daemon [_thread_blocked, id=12280, stack(0x0000000018a40000,0x0000000018b40000)]
  0x00000000182c2000 JavaThread "C2 CompilerThread0" daemon [_thread_blocked, id=10404, stack(0x0000000018940000,0x0000000018a40000)]
  0x00000000182bf800 JavaThread "Monitor Ctrl-Break" daemon [_thread_in_native, id=1876, stack(0x0000000018840000,0x0000000018940000)]
  0x0000000016eee000 JavaThread "Attach Listener" daemon [_thread_blocked, id=2868, stack(0x0000000018740000,0x0000000018840000)]
  0x0000000018248800 JavaThread "Signal Dispatcher" daemon [_thread_blocked, id=11144, stack(0x0000000018640000,0x0000000018740000)]
  0x0000000016eca800 JavaThread "Finalizer" daemon [_thread_blocked, id=8652, stack(0x0000000018140000,0x0000000018240000)]
  0x0000000004a90000 JavaThread "Reference Handler" daemon [_thread_blocked, id=12096, stack(0x0000000018040000,0x0000000018140000)]

Other Threads:
  0x0000000016ea7800 VMThread [stack: 0x0000000017f40000,0x0000000018040000] [id=7908]
  0x00000000183d8800 WatcherThread [stack: 0x0000000018d40000,0x0000000018e40000] [id=5828]

VM state:not at safepoint (normal execution)

VM Mutex/Monitor currently owned by a thread: None

Heap:
 PSYoungGen      total 161792K, used 100972K [0x00000000ec180000, 0x00000000fa800000, 0x0000000100000000)
  eden space 99840K, 51% used [0x00000000ec180000,0x00000000ef3640e0,0x00000000f2300000)
  from space 61952K, 80% used [0x00000000f6200000,0x00000000f92b7120,0x00000000f9e80000)
  to   space 64512K, 0% used [0x00000000f2300000,0x00000000f2300000,0x00000000f6200000)
 ParOldGen       total 194048K, used 180573K [0x00000000c4400000, 0x00000000d0180000, 0x00000000ec180000)
  object space 194048K, 93% used [0x00000000c4400000,0x00000000cf457428,0x00000000d0180000)
 Metaspace       used 8284K, capacity 8403K, committed 8576K, reserved 1056768K
  class space    used 797K, capacity 848K, committed 896K, reserved 1048576K

Card table byte_map: [0x0000000013e60000,0x0000000014040000] byte_map_base: 0x000000001383e000

Marking Bits: (ParMarkBitMap*) 0x000000005847a6d0
 Begin Bits: [0x0000000014580000, 0x0000000015470000)
 End Bits:   [0x0000000015470000, 0x0000000016360000)

Polling page: 0x0000000002600000

CodeCache: size=245760Kb used=4413Kb max_used=4528Kb free=241346Kb
 bounds [0x0000000004aa0000, 0x0000000004f30000, 0x0000000013aa0000]
 total_blobs=1596 nmethods=1131 adapters=378
 compilation: enabled

Compilation events (10 events):
Event: 119.722 Thread 0x00000000182c7000 nmethod 1196 0x0000000004efa050 code [0x0000000004efa280, 0x0000000004efa7d0]
Event: 119.840 Thread 0x00000000182c2000 nmethod 1193 0x0000000004f17e50 code [0x0000000004f18360, 0x0000000004f1bcb8]
Event: 143.140 Thread 0x00000000182c7000 1197       4       org.lwjgl.opengl.WindowsKeyboard::poll (81 bytes)
Event: 143.154 Thread 0x00000000182c7000 nmethod 1197 0x0000000004bc3d90 code [0x0000000004bc3ee0, 0x0000000004bc4238]
Event: 143.156 Thread 0x0000000018328800 1198   !   3       org.lwjgl.opengl.Display::processMessages (44 bytes)
Event: 143.158 Thread 0x0000000018328800 nmethod 1198 0x0000000004bb6bd0 code [0x0000000004bb6e40, 0x0000000004bb7e68]
Event: 158.175 Thread 0x00000000182c7000 1200   !   4       org.lwjgl.input.Keyboard::poll (47 bytes)
Event: 158.184 Thread 0x00000000182c7000 nmethod 1200 0x0000000004c0aa10 code [0x0000000004c0abc0, 0x0000000004c0b428]
Event: 227.197 Thread 0x00000000182c2000 1201   !   4       org.lwjgl.opengl.Display::processMessages (44 bytes)
Event: 227.203 Thread 0x00000000182c2000 nmethod 1201 0x0000000004cbac10 code [0x0000000004cbae00, 0x0000000004cbb530]

GC Heap History (10 events):
Event: 457.886 GC heap before
{Heap before GC invocations=280 (full 8):
 PSYoungGen      total 136192K, used 127726K [0x00000000ec180000, 0x00000000f8200000, 0x0000000100000000)
  eden space 86528K, 100% used [0x00000000ec180000,0x00000000f1600000,0x00000000f1600000)
  from space 49664K, 82% used [0x00000000f1600000,0x00000000f3e3b890,0x00000000f4680000)
  to   space 51712K, 0% used [0x00000000f4f80000,0x00000000f4f80000,0x00000000f8200000)
 ParOldGen       total 194048K, used 169397K [0x00000000c4400000, 0x00000000d0180000, 0x00000000ec180000)
  object space 194048K, 87% used [0x00000000c4400000,0x00000000ce96d428,0x00000000d0180000)
 Metaspace       used 8284K, capacity 8403K, committed 8576K, reserved 1056768K
  class space    used 797K, capacity 848K, committed 896K, reserved 1048576K
Event: 457.917 GC heap after
Heap after GC invocations=280 (full 8):
 PSYoungGen      total 142848K, used 42876K [0x00000000ec180000, 0x00000000f8680000, 0x0000000100000000)
  eden space 91136K, 0% used [0x00000000ec180000,0x00000000ec180000,0x00000000f1a80000)
  from space 51712K, 82% used [0x00000000f4f80000,0x00000000f795f120,0x00000000f8200000)
  to   space 54272K, 0% used [0x00000000f1a80000,0x00000000f1a80000,0x00000000f4f80000)
 ParOldGen       total 194048K, used 171453K [0x00000000c4400000, 0x00000000d0180000, 0x00000000ec180000)
  object space 194048K, 88% used [0x00000000c4400000,0x00000000ceb6f428,0x00000000d0180000)
 Metaspace       used 8284K, capacity 8403K, committed 8576K, reserved 1056768K
  class space    used 797K, capacity 848K, committed 896K, reserved 1048576K
}
Event: 465.825 GC heap before
{Heap before GC invocations=281 (full 8):
 PSYoungGen      total 142848K, used 134012K [0x00000000ec180000, 0x00000000f8680000, 0x0000000100000000)
  eden space 91136K, 100% used [0x00000000ec180000,0x00000000f1a80000,0x00000000f1a80000)
  from space 51712K, 82% used [0x00000000f4f80000,0x00000000f795f120,0x00000000f8200000)
  to   space 54272K, 0% used [0x00000000f1a80000,0x00000000f1a80000,0x00000000f4f80000)
 ParOldGen       total 194048K, used 171453K [0x00000000c4400000, 0x00000000d0180000, 0x00000000ec180000)
  object space 194048K, 88% used [0x00000000c4400000,0x00000000ceb6f428,0x00000000d0180000)
 Metaspace       used 8284K, capacity 8403K, committed 8576K, reserved 1056768K
  class space    used 797K, capacity 848K, committed 896K, reserved 1048576K
Event: 465.857 GC heap after
Heap after GC invocations=281 (full 8):
 PSYoungGen      total 145408K, used 44796K [0x00000000ec180000, 0x00000000f9080000, 0x0000000100000000)
  eden space 91136K, 0% used [0x00000000ec180000,0x00000000ec180000,0x00000000f1a80000)
  from space 54272K, 82% used [0x00000000f1a80000,0x00000000f463f120,0x00000000f4f80000)
  to   space 56832K, 0% used [0x00000000f5900000,0x00000000f5900000,0x00000000f9080000)
 ParOldGen       total 194048K, used 173501K [0x00000000c4400000, 0x00000000d0180000, 0x00000000ec180000)
  object space 194048K, 89% used [0x00000000c4400000,0x00000000ced6f428,0x00000000d0180000)
 Metaspace       used 8284K, capacity 8403K, committed 8576K, reserved 1056768K
  class space    used 797K, capacity 848K, committed 896K, reserved 1048576K
}
Event: 474.131 GC heap before
{Heap before GC invocations=282 (full 8):
 PSYoungGen      total 145408K, used 135932K [0x00000000ec180000, 0x00000000f9080000, 0x0000000100000000)
  eden space 91136K, 100% used [0x00000000ec180000,0x00000000f1a80000,0x00000000f1a80000)
  from space 54272K, 82% used [0x00000000f1a80000,0x00000000f463f120,0x00000000f4f80000)
  to   space 56832K, 0% used [0x00000000f5900000,0x00000000f5900000,0x00000000f9080000)
 ParOldGen       total 194048K, used 173501K [0x00000000c4400000, 0x00000000d0180000, 0x00000000ec180000)
  object space 194048K, 89% used [0x00000000c4400000,0x00000000ced6f428,0x00000000d0180000)
 Metaspace       used 8284K, capacity 8403K, committed 8576K, reserved 1056768K
  class space    used 797K, capacity 848K, committed 896K, reserved 1048576K
Event: 474.164 GC heap after
Heap after GC invocations=282 (full 8):
 PSYoungGen      total 152576K, used 46318K [0x00000000ec180000, 0x00000000f9500000, 0x0000000100000000)
  eden space 95744K, 0% used [0x00000000ec180000,0x00000000ec180000,0x00000000f1f00000)
  from space 56832K, 81% used [0x00000000f5900000,0x00000000f863b890,0x00000000f9080000)
  to   space 59392K, 0% used [0x00000000f1f00000,0x00000000f1f00000,0x00000000f5900000)
 ParOldGen       total 194048K, used 175773K [0x00000000c4400000, 0x00000000d0180000, 0x00000000ec180000)
  object space 194048K, 90% used [0x00000000c4400000,0x00000000cefa7428,0x00000000d0180000)
 Metaspace       used 8284K, capacity 8403K, committed 8576K, reserved 1056768K
  class space    used 797K, capacity 848K, committed 896K, reserved 1048576K
}
Event: 484.916 GC heap before
{Heap before GC invocations=283 (full 8):
 PSYoungGen      total 152576K, used 142062K [0x00000000ec180000, 0x00000000f9500000, 0x0000000100000000)
  eden space 95744K, 100% used [0x00000000ec180000,0x00000000f1f00000,0x00000000f1f00000)
  from space 56832K, 81% used [0x00000000f5900000,0x00000000f863b890,0x00000000f9080000)
  to   space 59392K, 0% used [0x00000000f1f00000,0x00000000f1f00000,0x00000000f5900000)
 ParOldGen       total 194048K, used 175773K [0x00000000c4400000, 0x00000000d0180000, 0x00000000ec180000)
  object space 194048K, 90% used [0x00000000c4400000,0x00000000cefa7428,0x00000000d0180000)
 Metaspace       used 8284K, capacity 8403K, committed 8576K, reserved 1056768K
  class space    used 797K, capacity 848K, committed 896K, reserved 1048576K
Event: 484.951 GC heap after
Heap after GC invocations=283 (full 8):
 PSYoungGen      total 155136K, used 48252K [0x00000000ec180000, 0x00000000f9e80000, 0x0000000100000000)
  eden space 95744K, 0% used [0x00000000ec180000,0x00000000ec180000,0x00000000f1f00000)
  from space 59392K, 81% used [0x00000000f1f00000,0x00000000f4e1f120,0x00000000f5900000)
  to   space 61952K, 0% used [0x00000000f6200000,0x00000000f6200000,0x00000000f9e80000)
 ParOldGen       total 194048K, used 178061K [0x00000000c4400000, 0x00000000d0180000, 0x00000000ec180000)
  object space 194048K, 91% used [0x00000000c4400000,0x00000000cf1e3428,0x00000000d0180000)
 Metaspace       used 8284K, capacity 8403K, committed 8576K, reserved 1056768K
  class space    used 797K, capacity 848K, committed 896K, reserved 1048576K
}
Event: 498.192 GC heap before
{Heap before GC invocations=284 (full 8):
 PSYoungGen      total 155136K, used 143996K [0x00000000ec180000, 0x00000000f9e80000, 0x0000000100000000)
  eden space 95744K, 100% used [0x00000000ec180000,0x00000000f1f00000,0x00000000f1f00000)
  from space 59392K, 81% used [0x00000000f1f00000,0x00000000f4e1f120,0x00000000f5900000)
  to   space 61952K, 0% used [0x00000000f6200000,0x00000000f6200000,0x00000000f9e80000)
 ParOldGen       total 194048K, used 178061K [0x00000000c4400000, 0x00000000d0180000, 0x00000000ec180000)
  object space 194048K, 91% used [0x00000000c4400000,0x00000000cf1e3428,0x00000000d0180000)
 Metaspace       used 8284K, capacity 8403K, committed 8576K, reserved 1056768K
  class space    used 797K, capacity 848K, committed 896K, reserved 1048576K
Event: 498.616 GC heap after
Heap after GC invocations=284 (full 8):
 PSYoungGen      total 161792K, used 49884K [0x00000000ec180000, 0x00000000fa800000, 0x0000000100000000)
  eden space 99840K, 0% used [0x00000000ec180000,0x00000000ec180000,0x00000000f2300000)
  from space 61952K, 80% used [0x00000000f6200000,0x00000000f92b7120,0x00000000f9e80000)
  to   space 64512K, 0% used [0x00000000f2300000,0x00000000f2300000,0x00000000f6200000)
 ParOldGen       total 194048K, used 180573K [0x00000000c4400000, 0x00000000d0180000, 0x00000000ec180000)
  object space 194048K, 93% used [0x00000000c4400000,0x00000000cf457428,0x00000000d0180000)
 Metaspace       used 8284K, capacity 8403K, committed 8576K, reserved 1056768K
  class space    used 797K, capacity 848K, committed 896K, reserved 1048576K
}

Deoptimization events (9 events):
Event: 11.689 Thread 0x00000000184da000 Uncommon trap: reason=array_check action=maybe_recompile pc=0x0000000004e1728c method=com.badlogic.gdx.utils.Array.add(Ljava/lang/Object;)V @ 46
Event: 11.992 Thread 0x00000000184da000 Uncommon trap: reason=null_check action=make_not_entrant pc=0x0000000004e33770 method=com.badlogic.gdx.utils.ObjectIntMap.put(Ljava/lang/Object;I)V @ 43
Event: 12.058 Thread 0x00000000184da000 Uncommon trap: reason=null_check action=make_not_entrant pc=0x0000000004e36540 method=com.badlogic.gdx.utils.ObjectIntMap.put(Ljava/lang/Object;I)V @ 75
Event: 12.141 Thread 0x00000000184da000 Uncommon trap: reason=null_check action=make_not_entrant pc=0x0000000004e374d8 method=com.badlogic.gdx.utils.ObjectIntMap.put(Ljava/lang/Object;I)V @ 107
Event: 12.189 Thread 0x00000000184da000 Uncommon trap: reason=array_check action=maybe_recompile pc=0x0000000004e1728c method=com.badlogic.gdx.utils.Array.add(Ljava/lang/Object;)V @ 46
Event: 12.572 Thread 0x00000000184da000 Uncommon trap: reason=array_check action=maybe_recompile pc=0x0000000004e1728c method=com.badlogic.gdx.utils.Array.add(Ljava/lang/Object;)V @ 46
Event: 13.187 Thread 0x00000000184da000 Uncommon trap: reason=array_check action=maybe_recompile pc=0x0000000004e1728c method=com.badlogic.gdx.utils.Array.add(Ljava/lang/Object;)V @ 46
Event: 19.451 Thread 0x00000000184da000 Uncommon trap: reason=unstable_if action=reinterpret pc=0x0000000004e43854 method=java.nio.Bits.tryReserveMemory(JI)Z @ 29
Event: 140.242 Thread 0x00000000184da000 Uncommon trap: reason=unstable_if action=reinterpret pc=0x0000000004f084ec method=org.lwjgl.opengl.WindowsDisplay.update()V @ 40

Internal exceptions (10 events):
Event: 0.516 Thread 0x00000000049a2800 Exception <a 'java/security/PrivilegedActionException'> (0x00000000ec4a6938) thrown at [C:\re\workspace\8-2-build-windows-amd64-cygwin\jdk8u101\7261\hotspot\src\share\vm\prims\jvm.cpp, line 1386]
Event: 1.137 Thread 0x00000000049a2800 Exception <a 'java/security/PrivilegedActionException'> (0x00000000ec66e570) thrown at [C:\re\workspace\8-2-build-windows-amd64-cygwin\jdk8u101\7261\hotspot\src\share\vm\prims\jvm.cpp, line 1386]
Event: 1.137 Thread 0x00000000049a2800 Exception <a 'java/security/PrivilegedActionException'> (0x00000000ec670248) thrown at [C:\re\workspace\8-2-build-windows-amd64-cygwin\jdk8u101\7261\hotspot\src\share\vm\prims\jvm.cpp, line 1386]
Event: 1.137 Thread 0x00000000049a2800 Exception <a 'java/security/PrivilegedActionException'> (0x00000000ec6713b8) thrown at [C:\re\workspace\8-2-build-windows-amd64-cygwin\jdk8u101\7261\hotspot\src\share\vm\prims\jvm.cpp, line 1386]
Event: 1.139 Thread 0x00000000049a2800 Exception <a 'java/security/PrivilegedActionException'> (0x00000000ec6768f8) thrown at [C:\re\workspace\8-2-build-windows-amd64-cygwin\jdk8u101\7261\hotspot\src\share\vm\prims\jvm.cpp, line 1386]
Event: 1.139 Thread 0x00000000049a2800 Exception <a 'java/security/PrivilegedActionException'> (0x00000000ec677550) thrown at [C:\re\workspace\8-2-build-windows-amd64-cygwin\jdk8u101\7261\hotspot\src\share\vm\prims\jvm.cpp, line 1386]
Event: 1.139 Thread 0x00000000049a2800 Exception <a 'java/security/PrivilegedActionException'> (0x00000000ec678178) thrown at [C:\re\workspace\8-2-build-windows-amd64-cygwin\jdk8u101\7261\hotspot\src\share\vm\prims\jvm.cpp, line 1386]
Event: 11.992 Thread 0x00000000184da000 Implicit null exception at 0x0000000004e331ae to 0x0000000004e33745
Event: 12.058 Thread 0x00000000184da000 Implicit null exception at 0x0000000004e35fe0 to 0x0000000004e3650d
Event: 12.141 Thread 0x00000000184da000 Implicit null exception at 0x0000000004e37090 to 0x0000000004e3749d

Events (10 events):
Event: 457.886 Executing VM operation: ParallelGCFailedAllocation
Event: 457.917 Executing VM operation: ParallelGCFailedAllocation done
Event: 465.825 Executing VM operation: ParallelGCFailedAllocation
Event: 465.857 Executing VM operation: ParallelGCFailedAllocation done
Event: 474.131 Executing VM operation: ParallelGCFailedAllocation
Event: 474.164 Executing VM operation: ParallelGCFailedAllocation done
Event: 484.916 Executing VM operation: ParallelGCFailedAllocation
Event: 484.951 Executing VM operation: ParallelGCFailedAllocation done
Event: 498.192 Executing VM operation: ParallelGCFailedAllocation
Event: 498.616 Executing VM operation: ParallelGCFailedAllocation done


Dynamic libraries:
0x00007ff63fbc0000 - 0x00007ff63fbf7000 	C:\Program Files\Java\jdk1.8.0_101\bin\java.exe
0x00007ff95e5f0000 - 0x00007ff95e7d0000 	C:\Windows\SYSTEM32\ntdll.dll
0x00007ff95be90000 - 0x00007ff95bf3e000 	C:\Windows\System32\KERNEL32.DLL
0x00007ff95b560000 - 0x00007ff95b7c6000 	C:\Windows\System32\KERNELBASE.dll
0x00007ff95ca60000 - 0x00007ff95cb01000 	C:\Windows\System32\ADVAPI32.dll
0x00007ff95bd00000 - 0x00007ff95bd9d000 	C:\Windows\System32\msvcrt.dll
0x00007ff95bda0000 - 0x00007ff95bdfb000 	C:\Windows\System32\sechost.dll
0x00007ff95bb70000 - 0x00007ff95bc8f000 	C:\Windows\System32\RPCRT4.dll
0x00007ff95e130000 - 0x00007ff95e2be000 	C:\Windows\System32\USER32.dll
0x00007ff95baa0000 - 0x00007ff95bac0000 	C:\Windows\System32\win32u.dll
0x00007ff95be00000 - 0x00007ff95be28000 	C:\Windows\System32\GDI32.dll
0x00007ff95b310000 - 0x00007ff95b4a1000 	C:\Windows\System32\gdi32full.dll
0x00007ff95b880000 - 0x00007ff95b91b000 	C:\Windows\System32\msvcp_win.dll
0x00007ff95b9a0000 - 0x00007ff95ba96000 	C:\Windows\System32\ucrtbase.dll
0x00007ff94b750000 - 0x00007ff94b9b9000 	C:\Windows\WinSxS\amd64_microsoft.windows.common-controls_6595b64144ccf1df_6.0.16299.15_none_cc92fb402215d91d\COMCTL32.dll
0x00007ff95c140000 - 0x00007ff95c448000 	C:\Windows\System32\combase.dll
0x00007ff95b920000 - 0x00007ff95b992000 	C:\Windows\System32\bcryptPrimitives.dll
0x00007ff95bfa0000 - 0x00007ff95bfcd000 	C:\Windows\System32\IMM32.DLL
0x0000000058500000 - 0x00000000585d2000 	C:\Program Files\Java\jdk1.8.0_101\jre\bin\msvcr100.dll
0x0000000057c60000 - 0x00000000584fa000 	C:\Program Files\Java\jdk1.8.0_101\jre\bin\server\jvm.dll
0x00007ff95c450000 - 0x00007ff95c458000 	C:\Windows\System32\PSAPI.DLL
0x00007ff958390000 - 0x00007ff9583b3000 	C:\Windows\SYSTEM32\WINMM.dll
0x00007ff95a560000 - 0x00007ff95a56a000 	C:\Windows\SYSTEM32\VERSION.dll
0x00007ff952260000 - 0x00007ff952269000 	C:\Windows\SYSTEM32\WSOCK32.dll
0x00007ff95cb90000 - 0x00007ff95cbfc000 	C:\Windows\System32\WS2_32.dll
0x00007ff958330000 - 0x00007ff95835a000 	C:\Windows\SYSTEM32\WINMMBASE.dll
0x00007ff95b7d0000 - 0x00007ff95b81a000 	C:\Windows\System32\cfgmgr32.dll
0x0000000057c50000 - 0x0000000057c5f000 	C:\Program Files\Java\jdk1.8.0_101\jre\bin\verify.dll
0x0000000057c20000 - 0x0000000057c49000 	C:\Program Files\Java\jdk1.8.0_101\jre\bin\java.dll
0x0000000057b90000 - 0x0000000057bb3000 	C:\Program Files\Java\jdk1.8.0_101\jre\bin\instrument.dll
0x0000000057c00000 - 0x0000000057c16000 	C:\Program Files\Java\jdk1.8.0_101\jre\bin\zip.dll
0x00007ff95ccf0000 - 0x00007ff95e127000 	C:\Windows\System32\SHELL32.dll
0x00007ff95bac0000 - 0x00007ff95bb66000 	C:\Windows\System32\shcore.dll
0x00007ff95a9f0000 - 0x00007ff95b137000 	C:\Windows\System32\windows.storage.dll
0x00007ff95bc90000 - 0x00007ff95bce1000 	C:\Windows\System32\shlwapi.dll
0x00007ff95a9b0000 - 0x00007ff95a9c1000 	C:\Windows\System32\kernel.appcore.dll
0x00007ff95a960000 - 0x00007ff95a9ac000 	C:\Windows\System32\powrprof.dll
0x00007ff95a940000 - 0x00007ff95a95b000 	C:\Windows\System32\profapi.dll
0x00007ff958440000 - 0x00007ff95845a000 	C:\Program Files\JetBrains\IntelliJ IDEA 2020.3.1\bin\breakgen64.dll
0x0000000057be0000 - 0x0000000057bfa000 	C:\Program Files\Java\jdk1.8.0_101\jre\bin\net.dll
0x00007ff95a160000 - 0x00007ff95a1c6000 	C:\Windows\system32\mswsock.dll
0x0000000065580000 - 0x0000000065616000 	C:\Users\Administrator\AppData\Local\Temp\libgdxAdministrator\1cccfb10\gdx64.dll
0x00007ff95a330000 - 0x00007ff95a347000 	C:\Windows\SYSTEM32\CRYPTSP.dll
0x00007ff959d70000 - 0x00007ff959da3000 	C:\Windows\system32\rsaenh.dll
0x00007ff95a430000 - 0x00007ff95a455000 	C:\Windows\SYSTEM32\bcrypt.dll
0x00007ff95a870000 - 0x00007ff95a899000 	C:\Windows\SYSTEM32\USERENV.dll
0x00007ff95a320000 - 0x00007ff95a32b000 	C:\Windows\SYSTEM32\CRYPTBASE.dll
0x00007ff959ef0000 - 0x00007ff959f29000 	C:\Windows\SYSTEM32\IPHLPAPI.DLL
0x00007ff95e5b0000 - 0x00007ff95e5b8000 	C:\Windows\System32\NSI.dll
0x00007ff954a60000 - 0x00007ff954a76000 	C:\Windows\SYSTEM32\dhcpcsvc6.DLL
0x00007ff955450000 - 0x00007ff95546a000 	C:\Windows\SYSTEM32\dhcpcsvc.DLL
0x0000000057bc0000 - 0x0000000057bd1000 	C:\Program Files\Java\jdk1.8.0_101\jre\bin\nio.dll
0x0000000180000000 - 0x0000000180053000 	C:\Users\Administrator\AppData\Local\Temp\libgdxAdministrator\dc0f0009\lwjgl64.dll
0x00007ff948300000 - 0x00007ff94841e000 	C:\Windows\SYSTEM32\OPENGL32.dll
0x00007ff948ea0000 - 0x00007ff948ecc000 	C:\Windows\SYSTEM32\GLU32.dll
0x00000000048c0000 - 0x0000000004924000 	C:\Users\ADMINI~1\AppData\Local\Temp\libgdxAdministrator\dc0f0009\OpenAL64.dll
0x00007ff95e460000 - 0x00007ff95e5a9000 	C:\Windows\System32\ole32.dll
0x00007ff9585b0000 - 0x00007ff958645000 	C:\Windows\system32\uxtheme.dll
0x00007ff95c460000 - 0x00007ff95c4fe000 	C:\Windows\System32\clbcatq.dll
0x00007ff9568f0000 - 0x00007ff956aa1000 	C:\Windows\System32\PROPSYS.dll
0x00007ff95cc20000 - 0x00007ff95cce5000 	C:\Windows\System32\OLEAUT32.dll
0x00007ff935020000 - 0x00007ff9350af000 	C:\Windows\SYSTEM32\dsound.dll
0x00007ff9549f0000 - 0x00007ff954a5f000 	C:\Windows\System32\MMDevApi.dll
0x00007ff95a570000 - 0x00007ff95a597000 	C:\Windows\System32\DEVOBJ.dll
0x00007ff951a40000 - 0x00007ff951b62000 	C:\Windows\SYSTEM32\AUDIOSES.DLL
0x00007ff956120000 - 0x00007ff956256000 	C:\Windows\SYSTEM32\wintypes.dll
0x00007ff9548e0000 - 0x00007ff9548ea000 	C:\Windows\SYSTEM32\AVRT.dll
0x00007ff95bfd0000 - 0x00007ff95c137000 	C:\Windows\System32\MSCTF.dll
0x00007ff958870000 - 0x00007ff95889a000 	C:\Windows\system32\dwmapi.dll
0x00007ff92fc80000 - 0x00007ff9307c6000 	C:\Windows\SYSTEM32\ig75icd64.dll
0x00007ff94f570000 - 0x00007ff94ffb0000 	C:\Windows\SYSTEM32\igdusc64.dll
0x00007ff959280000 - 0x00007ff959293000 	C:\Windows\SYSTEM32\WTSAPI32.dll
0x00007ff950200000 - 0x00007ff950298000 	C:\Windows\System32\TextInputFramework.dll
0x00007ff954450000 - 0x00007ff95473e000 	C:\Windows\System32\CoreUIComponents.dll
0x00007ff9573f0000 - 0x00007ff9574cd000 	C:\Windows\System32\CoreMessaging.dll
0x00007ff959a10000 - 0x00007ff959a41000 	C:\Windows\SYSTEM32\ntmarta.dll
0x00007ff949d10000 - 0x00007ff949da7000 	C:\Windows\SYSTEM32\mscms.dll
0x00007ff952fc0000 - 0x00007ff953001000 	C:\Windows\SYSTEM32\icm32.dll
0x00007ff959740000 - 0x00007ff9597ef000 	C:\Windows\SYSTEM32\dxgi.dll
0x00007ff957100000 - 0x00007ff9573e2000 	C:\Windows\SYSTEM32\d3d11.dll
0x00007ff950610000 - 0x00007ff9514db000 	C:\Windows\SYSTEM32\igd10iumd64.dll
0x00007ff95a400000 - 0x00007ff95a426000 	C:\Windows\SYSTEM32\ncrypt.dll
0x00007ff95a3c0000 - 0x00007ff95a3f6000 	C:\Windows\SYSTEM32\NTASN1.dll

VM Arguments:
jvm_args: -javaagent:C:\Program Files\JetBrains\IntelliJ IDEA 2020.3.1\lib\idea_rt.jar=52437:C:\Program Files\JetBrains\IntelliJ IDEA 2020.3.1\bin -Dfile.encoding=UTF-8 
java_command: com.ansdoship.DesktopLauncher
java_class_path (initial): C:\Program Files\Java\jdk1.8.0_101\jre\lib\charsets.jar;C:\Program Files\Java\jdk1.8.0_101\jre\lib\deploy.jar;C:\Program Files\Java\jdk1.8.0_101\jre\lib\ext\access-bridge-64.jar;C:\Program Files\Java\jdk1.8.0_101\jre\lib\ext\cldrdata.jar;C:\Program Files\Java\jdk1.8.0_101\jre\lib\ext\dnsns.jar;C:\Program Files\Java\jdk1.8.0_101\jre\lib\ext\jaccess.jar;C:\Program Files\Java\jdk1.8.0_101\jre\lib\ext\jfxrt.jar;C:\Program Files\Java\jdk1.8.0_101\jre\lib\ext\localedata.jar;C:\Program Files\Java\jdk1.8.0_101\jre\lib\ext\nashorn.jar;C:\Program Files\Java\jdk1.8.0_101\jre\lib\ext\sunec.jar;C:\Program Files\Java\jdk1.8.0_101\jre\lib\ext\sunjce_provider.jar;C:\Program Files\Java\jdk1.8.0_101\jre\lib\ext\sunmscapi.jar;C:\Program Files\Java\jdk1.8.0_101\jre\lib\ext\sunpkcs11.jar;C:\Program Files\Java\jdk1.8.0_101\jre\lib\ext\zipfs.jar;C:\Program Files\Java\jdk1.8.0_101\jre\lib\javaws.jar;C:\Program Files\Java\jdk1.8.0_101\jre\lib\jce.jar;C:\Program Files\Java\jdk1.8.0_101\jre\lib\jfr.jar;C:\Program Files\Java\jdk1.8.0_101\jre\lib\jfxswt.jar;C:\Program Files\Java\jdk1.8.0_101\jre\lib\jsse.jar;C:\Program Files\Java\jdk1.8.0_101\jre\lib\management-agent.jar;C:\Program Files\Java\jdk1.8.0_101\jre\lib\plugin.jar;C:\Program Files\Java\jdk1.8.0_101\jre\lib\resources.jar;C:\Program Files\Java\jdk1.8.0_101\jre\lib\rt.jar;D:\01\out\production\01;D:\01\lib\gdx.jar;D:\01\lib\gdx-backend-jglfw.jar;D:\01\lib\gdx-backend-jglfw-natives.jar;D:\01\lib\gdx-backend-lwjgl.jar;D:\01\lib\gdx-backend-lwjgl-natives.jar;D:\01\lib\gdx-natives.jar;C:\Program Files\JetBrains\IntelliJ IDEA 2020.3.1\lib\idea_rt.jar
Launcher Type: SUN_STANDARD

Environment Variables:
JAVA_HOME=C:\Program Files\Java\jre1.8.0_101
CLASSPATH=.;C:\Program Files\Java\jre1.8.0_101\lib\dt.jar;C:\Program Files\Java\jre1.8.0_101\lib\tools.jar
PATH=C:\Windows\system32;C:\Windows;C:\Windows\System32\Wbem;C:\Windows\System32\WindowsPowerShell\v1.0\;C:\Program Files\Java\jre1.8.0_101\bin;C:\Program Files\Java\jre1.8.0_101\jre\bin;C:\Program Files\Git\cmd;C:\Users\Administrator\AppData\Local\Microsoft\WindowsApps;
USERNAME=Administrator
OS=Windows_NT
PROCESSOR_IDENTIFIER=Intel64 Family 6 Model 60 Stepping 3, GenuineIntel



---------------  S Y S T E M  ---------------

OS: Windows 10.0 , 64 bit Build 16299 (10.0.16299.15)

CPU:total 4 (2 cores per cpu, 2 threads per core) family 6 model 60 stepping 3, cmov, cx8, fxsr, mmx, sse, sse2, sse3, ssse3, sse4.1, sse4.2, popcnt, avx, avx2, aes, clmul, erms, lzcnt, ht, tsc, tscinvbit, bmi1, bmi2

Memory: 4k page, physical 3908156k(318700k free), swap 15966780k(0k free)

vm_info: Java HotSpot(TM) 64-Bit Server VM (25.101-b13) for windows-amd64 JRE (1.8.0_101-b13), built on Jun 22 2016 01:21:29 by "java_re" with MS VC++ 10.0 (VS2010)

time: Sat Jan 16 12:42:31 2021
elapsed time: 505 seconds (0d 0h 8m 25s)

